TraceSourceService Warning: 1 : Constituency of id 0 doesn't exist
    DateTime=2016-11-18T11:56:26.6530845Z
    Callstack=   at System.Environment.GetStackTrace(Exception e, Boolean needFileInfo)
   at System.Environment.get_StackTrace()
   at System.Diagnostics.TraceEventCache.get_Callstack()
   at System.Diagnostics.TraceListener.WriteFooter(TraceEventCache eventCache)
   at System.Diagnostics.TraceListener.TraceEvent(TraceEventCache eventCache, String source, TraceEventType eventType, Int32 id, String message)
   at System.Diagnostics.TraceSource.TraceEvent(TraceEventType eventType, Int32 id, String message)
   at PKW.ControlCenter.VotingService.Handle[T](Func`1 toExecute) in D:\TFS\NIPPP\DefensiveProgramming\Lab\PKW - After\PKW.ControlCenter\VotingService.svc.cs:line 62
   at PKW.ControlCenter.VotingService.SendVotes(VotesReport votesReport) in D:\TFS\NIPPP\DefensiveProgramming\Lab\PKW - After\PKW.ControlCenter\VotingService.svc.cs:line 42
   at SyncInvokeSendVotes(Object , Object[] , Object[] )
   at System.ServiceModel.Dispatcher.SyncMethodInvoker.Invoke(Object instance, Object[] inputs, Object[]& outputs)
   at System.ServiceModel.Dispatcher.DispatchOperationRuntime.InvokeBegin(MessageRpc& rpc)
   at System.ServiceModel.Dispatcher.ImmutableDispatchRuntime.ProcessMessage5(MessageRpc& rpc)
   at System.ServiceModel.Dispatcher.ImmutableDispatchRuntime.ProcessMessage41(MessageRpc& rpc)
   at System.ServiceModel.Dispatcher.ImmutableDispatchRuntime.ProcessMessage4(MessageRpc& rpc)
   at System.ServiceModel.Dispatcher.ImmutableDispatchRuntime.ProcessMessage31(MessageRpc& rpc)
   at System.ServiceModel.Dispatcher.ImmutableDispatchRuntime.ProcessMessage3(MessageRpc& rpc)
   at System.ServiceModel.Dispatcher.ImmutableDispatchRuntime.ProcessMessage2(MessageRpc& rpc)
   at System.ServiceModel.Dispatcher.ImmutableDispatchRuntime.ProcessMessage11(MessageRpc& rpc)
   at System.ServiceModel.Dispatcher.ImmutableDispatchRuntime.ProcessMessage1(MessageRpc& rpc)
   at System.ServiceModel.Dispatcher.MessageRpc.Process(Boolean isOperationContextSet)
   at System.ServiceModel.Dispatcher.ChannelHandler.DispatchAndReleasePump(RequestContext request, Boolean cleanThread, OperationContext currentOperationContext)
   at System.ServiceModel.Dispatcher.ChannelHandler.HandleRequest(RequestContext request, OperationContext currentOperationContext)
   at System.ServiceModel.Dispatcher.ChannelHandler.AsyncMessagePump(IAsyncResult result)
   at System.ServiceModel.Dispatcher.ChannelHandler.OnAsyncReceiveComplete(IAsyncResult result)
   at System.Runtime.Fx.AsyncThunk.UnhandledExceptionFrame(IAsyncResult result)
   at System.Runtime.AsyncResult.Complete(Boolean completedSynchronously)
   at System.Runtime.InputQueue`1.AsyncQueueReader.Set(Item item)
   at System.Runtime.InputQueue`1.EnqueueAndDispatch(Item item, Boolean canDispatchOnThisThread)
   at System.Runtime.InputQueue`1.EnqueueAndDispatch(T item, Action dequeuedCallback, Boolean canDispatchOnThisThread)
   at System.ServiceModel.Channels.SingletonChannelAcceptor`3.Enqueue(QueueItemType item, Action dequeuedCallback, Boolean canDispatchOnThisThread)
   at System.ServiceModel.Channels.HttpPipeline.EnqueueMessageAsyncResult.CompleteParseAndEnqueue(IAsyncResult result)
   at System.ServiceModel.Channels.HttpPipeline.EnqueueMessageAsyncResult.HandleParseIncomingMessage(IAsyncResult result)
   at System.Runtime.AsyncResult.SyncContinue(IAsyncResult result)
   at System.ServiceModel.Channels.HttpPipeline.EnqueueMessageAsyncResult..ctor(ReplyChannelAcceptor acceptor, Action dequeuedCallback, HttpPipeline pipeline, AsyncCallback callback, Object state)
   at System.ServiceModel.Channels.HttpPipeline.EmptyHttpPipeline.BeginProcessInboundRequest(ReplyChannelAcceptor replyChannelAcceptor, Action dequeuedCallback, AsyncCallback callback, Object state)
   at System.ServiceModel.Channels.HttpChannelListener`1.HttpContextReceivedAsyncResult`1.ProcessHttpContextAsync()
   at System.ServiceModel.Channels.HttpChannelListener`1.BeginHttpContextReceived(HttpRequestContext context, Action acceptorCallback, AsyncCallback callback, Object state)
   at System.ServiceModel.Activation.HostedHttpTransportManager.HttpContextReceived(HostedHttpRequestAsyncResult result)
   at System.ServiceModel.Activation.HostedHttpRequestAsyncResult.HandleRequest()
   at System.ServiceModel.Activation.HostedHttpRequestAsyncResult.BeginRequest()
   at System.ServiceModel.Activation.HostedHttpRequestAsyncResult.OnBeginRequest(Object state)
   at System.ServiceModel.AspNetPartialTrustHelpers.PartialTrustInvoke(ContextCallback callback, Object state)
   at System.ServiceModel.Activation.HostedHttpRequestAsyncResult.OnBeginRequestWithFlow(Object state)
   at System.Runtime.IOThreadScheduler.ScheduledOverlapped.IOCallback(UInt32 errorCode, UInt32 numBytes, NativeOverlapped* nativeOverlapped)
   at System.Runtime.Fx.IOCompletionThunk.UnhandledExceptionFrame(UInt32 error, UInt32 bytesRead, NativeOverlapped* nativeOverlapped)
   at System.Threading._IOCompletionCallback.PerformIOCompletionCallback(UInt32 errorCode, UInt32 numBytes, NativeOverlapped* pOVERLAP)
TraceSourceService Warning: 1 : Constituency of id -1 doesn't exist
    DateTime=2016-11-18T12:06:13.3154854Z
    Callstack=   at System.Environment.GetStackTrace(Exception e, Boolean needFileInfo)
   at System.Environment.get_StackTrace()
   at System.Diagnostics.TraceEventCache.get_Callstack()
   at System.Diagnostics.TraceListener.WriteFooter(TraceEventCache eventCache)
   at System.Diagnostics.TraceListener.TraceEvent(TraceEventCache eventCache, String source, TraceEventType eventType, Int32 id, String message)
   at System.Diagnostics.TraceSource.TraceEvent(TraceEventType eventType, Int32 id, String message)
   at PKW.ControlCenter.VotingService.Handle[T](Func`1 toExecute) in D:\TFS\NIPPP\DefensiveProgramming\Lab\PKW - After\PKW.ControlCenter\VotingService.svc.cs:line 62
   at PKW.ControlCenter.VotingService.SendVotes(VotesReport votesReport) in D:\TFS\NIPPP\DefensiveProgramming\Lab\PKW - After\PKW.ControlCenter\VotingService.svc.cs:line 42
   at SyncInvokeSendVotes(Object , Object[] , Object[] )
   at System.ServiceModel.Dispatcher.SyncMethodInvoker.Invoke(Object instance, Object[] inputs, Object[]& outputs)
   at System.ServiceModel.Dispatcher.DispatchOperationRuntime.InvokeBegin(MessageRpc& rpc)
   at System.ServiceModel.Dispatcher.ImmutableDispatchRuntime.ProcessMessage5(MessageRpc& rpc)
   at System.ServiceModel.Dispatcher.ImmutableDispatchRuntime.ProcessMessage41(MessageRpc& rpc)
   at System.ServiceModel.Dispatcher.ImmutableDispatchRuntime.ProcessMessage4(MessageRpc& rpc)
   at System.ServiceModel.Dispatcher.ImmutableDispatchRuntime.ProcessMessage31(MessageRpc& rpc)
   at System.ServiceModel.Dispatcher.ImmutableDispatchRuntime.ProcessMessage3(MessageRpc& rpc)
   at System.ServiceModel.Dispatcher.ImmutableDispatchRuntime.ProcessMessage2(MessageRpc& rpc)
   at System.ServiceModel.Dispatcher.ImmutableDispatchRuntime.ProcessMessage11(MessageRpc& rpc)
   at System.ServiceModel.Dispatcher.ImmutableDispatchRuntime.ProcessMessage1(MessageRpc& rpc)
   at System.ServiceModel.Dispatcher.MessageRpc.Process(Boolean isOperationContextSet)
   at System.ServiceModel.Dispatcher.ChannelHandler.DispatchAndReleasePump(RequestContext request, Boolean cleanThread, OperationContext currentOperationContext)
   at System.ServiceModel.Dispatcher.ChannelHandler.HandleRequest(RequestContext request, OperationContext currentOperationContext)
   at System.ServiceModel.Dispatcher.ChannelHandler.AsyncMessagePump(IAsyncResult result)
   at System.ServiceModel.Dispatcher.ChannelHandler.OnAsyncReceiveComplete(IAsyncResult result)
   at System.Runtime.Fx.AsyncThunk.UnhandledExceptionFrame(IAsyncResult result)
   at System.Runtime.AsyncResult.Complete(Boolean completedSynchronously)
   at System.Runtime.InputQueue`1.AsyncQueueReader.Set(Item item)
   at System.Runtime.InputQueue`1.EnqueueAndDispatch(Item item, Boolean canDispatchOnThisThread)
   at System.Runtime.InputQueue`1.EnqueueAndDispatch(T item, Action dequeuedCallback, Boolean canDispatchOnThisThread)
   at System.ServiceModel.Channels.SingletonChannelAcceptor`3.Enqueue(QueueItemType item, Action dequeuedCallback, Boolean canDispatchOnThisThread)
   at System.ServiceModel.Channels.HttpPipeline.EnqueueMessageAsyncResult.CompleteParseAndEnqueue(IAsyncResult result)
   at System.ServiceModel.Channels.HttpPipeline.EnqueueMessageAsyncResult.HandleParseIncomingMessage(IAsyncResult result)
   at System.Runtime.AsyncResult.SyncContinue(IAsyncResult result)
   at System.ServiceModel.Channels.HttpPipeline.EnqueueMessageAsyncResult..ctor(ReplyChannelAcceptor acceptor, Action dequeuedCallback, HttpPipeline pipeline, AsyncCallback callback, Object state)
   at System.ServiceModel.Channels.HttpPipeline.EmptyHttpPipeline.BeginProcessInboundRequest(ReplyChannelAcceptor replyChannelAcceptor, Action dequeuedCallback, AsyncCallback callback, Object state)
   at System.ServiceModel.Channels.HttpChannelListener`1.HttpContextReceivedAsyncResult`1.ProcessHttpContextAsync()
   at System.ServiceModel.Channels.HttpChannelListener`1.BeginHttpContextReceived(HttpRequestContext context, Action acceptorCallback, AsyncCallback callback, Object state)
   at System.ServiceModel.Activation.HostedHttpTransportManager.HttpContextReceived(HostedHttpRequestAsyncResult result)
   at System.ServiceModel.Activation.HostedHttpRequestAsyncResult.HandleRequest()
   at System.ServiceModel.Activation.HostedHttpRequestAsyncResult.BeginRequest()
   at System.ServiceModel.Activation.HostedHttpRequestAsyncResult.OnBeginRequest(Object state)
   at System.ServiceModel.AspNetPartialTrustHelpers.PartialTrustInvoke(ContextCallback callback, Object state)
   at System.ServiceModel.Activation.HostedHttpRequestAsyncResult.OnBeginRequestWithFlow(Object state)
   at System.Runtime.IOThreadScheduler.ScheduledOverlapped.IOCallback(UInt32 errorCode, UInt32 numBytes, NativeOverlapped* nativeOverlapped)
   at System.Runtime.Fx.IOCompletionThunk.UnhandledExceptionFrame(UInt32 error, UInt32 bytesRead, NativeOverlapped* nativeOverlapped)
   at System.Threading._IOCompletionCallback.PerformIOCompletionCallback(UInt32 errorCode, UInt32 numBytes, NativeOverlapped* pOVERLAP)
TraceSourceService Warning: 1 : Constituency of id -1 doesn't exist
    DateTime=2016-11-18T12:23:21.5996374Z
    Callstack=   at System.Environment.GetStackTrace(Exception e, Boolean needFileInfo)
   at System.Environment.get_StackTrace()
   at System.Diagnostics.TraceEventCache.get_Callstack()
   at System.Diagnostics.TraceListener.WriteFooter(TraceEventCache eventCache)
   at System.Diagnostics.TraceListener.TraceEvent(TraceEventCache eventCache, String source, TraceEventType eventType, Int32 id, String message)
   at System.Diagnostics.TraceSource.TraceEvent(TraceEventType eventType, Int32 id, String message)
   at PKW.ControlCenter.VotingService.Handle[T](Func`1 toExecute) in D:\TFS\NIPPP\DefensiveProgramming\Lab\PKW - After\PKW.ControlCenter\VotingService.svc.cs:line 62
   at PKW.ControlCenter.VotingService.SendVotes(VotesReport votesReport) in D:\TFS\NIPPP\DefensiveProgramming\Lab\PKW - After\PKW.ControlCenter\VotingService.svc.cs:line 42
   at SyncInvokeSendVotes(Object , Object[] , Object[] )
   at System.ServiceModel.Dispatcher.SyncMethodInvoker.Invoke(Object instance, Object[] inputs, Object[]& outputs)
   at System.ServiceModel.Dispatcher.DispatchOperationRuntime.InvokeBegin(MessageRpc& rpc)
   at System.ServiceModel.Dispatcher.ImmutableDispatchRuntime.ProcessMessage5(MessageRpc& rpc)
   at System.ServiceModel.Dispatcher.ImmutableDispatchRuntime.ProcessMessage41(MessageRpc& rpc)
   at System.ServiceModel.Dispatcher.ImmutableDispatchRuntime.ProcessMessage4(MessageRpc& rpc)
   at System.ServiceModel.Dispatcher.ImmutableDispatchRuntime.ProcessMessage31(MessageRpc& rpc)
   at System.ServiceModel.Dispatcher.ImmutableDispatchRuntime.ProcessMessage3(MessageRpc& rpc)
   at System.ServiceModel.Dispatcher.ImmutableDispatchRuntime.ProcessMessage2(MessageRpc& rpc)
   at System.ServiceModel.Dispatcher.ImmutableDispatchRuntime.ProcessMessage11(MessageRpc& rpc)
   at System.ServiceModel.Dispatcher.ImmutableDispatchRuntime.ProcessMessage1(MessageRpc& rpc)
   at System.ServiceModel.Dispatcher.MessageRpc.Process(Boolean isOperationContextSet)
   at System.ServiceModel.Dispatcher.ChannelHandler.DispatchAndReleasePump(RequestContext request, Boolean cleanThread, OperationContext currentOperationContext)
   at System.ServiceModel.Dispatcher.ChannelHandler.HandleRequest(RequestContext request, OperationContext currentOperationContext)
   at System.ServiceModel.Dispatcher.ChannelHandler.AsyncMessagePump(IAsyncResult result)
   at System.ServiceModel.Dispatcher.ChannelHandler.OnAsyncReceiveComplete(IAsyncResult result)
   at System.Runtime.Fx.AsyncThunk.UnhandledExceptionFrame(IAsyncResult result)
   at System.Runtime.AsyncResult.Complete(Boolean completedSynchronously)
   at System.Runtime.InputQueue`1.AsyncQueueReader.Set(Item item)
   at System.Runtime.InputQueue`1.EnqueueAndDispatch(Item item, Boolean canDispatchOnThisThread)
   at System.Runtime.InputQueue`1.EnqueueAndDispatch(T item, Action dequeuedCallback, Boolean canDispatchOnThisThread)
   at System.ServiceModel.Channels.SingletonChannelAcceptor`3.Enqueue(QueueItemType item, Action dequeuedCallback, Boolean canDispatchOnThisThread)
   at System.ServiceModel.Channels.HttpPipeline.EnqueueMessageAsyncResult.CompleteParseAndEnqueue(IAsyncResult result)
   at System.ServiceModel.Channels.HttpPipeline.EnqueueMessageAsyncResult.HandleParseIncomingMessage(IAsyncResult result)
   at System.Runtime.AsyncResult.SyncContinue(IAsyncResult result)
   at System.ServiceModel.Channels.HttpPipeline.EnqueueMessageAsyncResult..ctor(ReplyChannelAcceptor acceptor, Action dequeuedCallback, HttpPipeline pipeline, AsyncCallback callback, Object state)
   at System.ServiceModel.Channels.HttpPipeline.EmptyHttpPipeline.BeginProcessInboundRequest(ReplyChannelAcceptor replyChannelAcceptor, Action dequeuedCallback, AsyncCallback callback, Object state)
   at System.ServiceModel.Channels.HttpChannelListener`1.HttpContextReceivedAsyncResult`1.ProcessHttpContextAsync()
   at System.ServiceModel.Channels.HttpChannelListener`1.BeginHttpContextReceived(HttpRequestContext context, Action acceptorCallback, AsyncCallback callback, Object state)
   at System.ServiceModel.Activation.HostedHttpTransportManager.HttpContextReceived(HostedHttpRequestAsyncResult result)
   at System.ServiceModel.Activation.HostedHttpRequestAsyncResult.HandleRequest()
   at System.ServiceModel.Activation.HostedHttpRequestAsyncResult.BeginRequest()
   at System.ServiceModel.Activation.HostedHttpRequestAsyncResult.OnBeginRequest(Object state)
   at System.ServiceModel.AspNetPartialTrustHelpers.PartialTrustInvoke(ContextCallback callback, Object state)
   at System.ServiceModel.Activation.HostedHttpRequestAsyncResult.OnBeginRequestWithFlow(Object state)
   at System.Runtime.IOThreadScheduler.ScheduledOverlapped.IOCallback(UInt32 errorCode, UInt32 numBytes, NativeOverlapped* nativeOverlapped)
   at System.Runtime.Fx.IOCompletionThunk.UnhandledExceptionFrame(UInt32 error, UInt32 bytesRead, NativeOverlapped* nativeOverlapped)
   at System.Threading._IOCompletionCallback.PerformIOCompletionCallback(UInt32 errorCode, UInt32 numBytes, NativeOverlapped* pOVERLAP)
